  ソース.cpp
C:\Users\nekon\kandai\workplace\Project1\ソース.cpp(73,27): warning C4305: '引数': 'double' から 'GLfloat' へ切り詰めます。
C:\Users\nekon\kandai\workplace\Project1\ソース.cpp(74,27): warning C4305: '引数': 'double' から 'GLfloat' へ切り詰めます。
C:\Users\nekon\kandai\workplace\Project1\ソース.cpp(75,37): warning C4305: '引数': 'double' から 'GLfloat' へ切り詰めます。
C:\Users\nekon\kandai\workplace\Project1\ソース.cpp(75,20): warning C4244: '引数': 'double' から 'GLfloat' への変換です。データが失われる可能性があります。
C:\Users\nekon\kandai\workplace\Project1\ソース.cpp(76,37): warning C4305: '引数': 'double' から 'GLfloat' へ切り詰めます。
C:\Users\nekon\kandai\workplace\Project1\ソース.cpp(76,20): warning C4244: '引数': 'double' から 'GLfloat' への変換です。データが失われる可能性があります。
C:\Users\nekon\kandai\workplace\Project1\ソース.cpp(122,36): warning C4305: '引数': 'double' から 'GLfloat' へ切り詰めます。
C:\Users\nekon\kandai\workplace\Project1\ソース.cpp(125,31): warning C4305: '引数': 'double' から 'GLfloat' へ切り詰めます。
C:\Users\nekon\kandai\workplace\Project1\ソース.cpp(131,36): warning C4305: '引数': 'double' から 'GLfloat' へ切り詰めます。
C:\Users\nekon\kandai\workplace\Project1\ソース.cpp(134,31): warning C4305: '引数': 'double' から 'GLfloat' へ切り詰めます。
C:\Users\nekon\kandai\workplace\Project1\ソース.cpp(140,36): warning C4305: '引数': 'double' から 'GLfloat' へ切り詰めます。
C:\Users\nekon\kandai\workplace\Project1\ソース.cpp(144,31): warning C4305: '引数': 'double' から 'GLfloat' へ切り詰めます。
C:\Users\nekon\kandai\workplace\Project1\ソース.cpp(150,36): warning C4305: '引数': 'double' から 'GLfloat' へ切り詰めます。
C:\Users\nekon\kandai\workplace\Project1\ソース.cpp(154,31): warning C4305: '引数': 'double' から 'GLfloat' へ切り詰めます。
C:\Users\nekon\kandai\workplace\Project1\ソース.cpp(161,37): warning C4305: '引数': 'double' から 'GLfloat' へ切り詰めます。
C:\Users\nekon\kandai\workplace\Project1\ソース.cpp(165,31): warning C4305: '引数': 'double' から 'GLfloat' へ切り詰めます。
C:\Users\nekon\kandai\workplace\Project1\ソース.cpp(171,37): warning C4305: '引数': 'double' から 'GLfloat' へ切り詰めます。
C:\Users\nekon\kandai\workplace\Project1\ソース.cpp(175,31): warning C4305: '引数': 'double' から 'GLfloat' へ切り詰めます。
C:\Users\nekon\kandai\workplace\Project1\ソース.cpp(181,37): warning C4305: '引数': 'double' から 'GLfloat' へ切り詰めます。
C:\Users\nekon\kandai\workplace\Project1\ソース.cpp(184,31): warning C4305: '引数': 'double' から 'GLfloat' へ切り詰めます。
C:\Users\nekon\kandai\workplace\Project1\ソース.cpp(190,37): warning C4305: '引数': 'double' から 'GLfloat' へ切り詰めます。
C:\Users\nekon\kandai\workplace\Project1\ソース.cpp(193,31): warning C4305: '引数': 'double' から 'GLfloat' へ切り詰めます。
C:\Users\nekon\kandai\workplace\Project1\ソース.cpp(199,38): warning C4305: '引数': 'double' から 'GLfloat' へ切り詰めます。
C:\Users\nekon\kandai\workplace\Project1\ソース.cpp(203,31): warning C4305: '引数': 'double' から 'GLfloat' へ切り詰めます。
C:\Users\nekon\kandai\workplace\Project1\ソース.cpp(209,37): warning C4305: '引数': 'double' から 'GLfloat' へ切り詰めます。
C:\Users\nekon\kandai\workplace\Project1\ソース.cpp(213,31): warning C4305: '引数': 'double' から 'GLfloat' へ切り詰めます。
C:\Users\nekon\kandai\workplace\Project1\ソース.cpp(219,37): warning C4305: '引数': 'double' から 'GLfloat' へ切り詰めます。
C:\Users\nekon\kandai\workplace\Project1\ソース.cpp(223,31): warning C4305: '引数': 'double' から 'GLfloat' へ切り詰めます。
C:\Users\nekon\kandai\workplace\Project1\ソース.cpp(229,36): warning C4305: '引数': 'double' から 'GLfloat' へ切り詰めます。
C:\Users\nekon\kandai\workplace\Project1\ソース.cpp(233,31): warning C4305: '引数': 'double' から 'GLfloat' へ切り詰めます。
C:\Users\nekon\kandai\workplace\Project1\ソース.cpp(240,35): warning C4305: '引数': 'double' から 'GLfloat' へ切り詰めます。
C:\Users\nekon\kandai\workplace\Project1\ソース.cpp(244,31): warning C4305: '引数': 'double' から 'GLfloat' へ切り詰めます。
C:\Users\nekon\kandai\workplace\Project1\ソース.cpp(253,36): warning C4305: '引数': 'double' から 'GLfloat' へ切り詰めます。
C:\Users\nekon\kandai\workplace\Project1\ソース.cpp(256,31): warning C4305: '引数': 'double' から 'GLfloat' へ切り詰めます。
C:\Users\nekon\kandai\workplace\Project1\ソース.cpp(262,36): warning C4305: '引数': 'double' から 'GLfloat' へ切り詰めます。
C:\Users\nekon\kandai\workplace\Project1\ソース.cpp(265,31): warning C4305: '引数': 'double' から 'GLfloat' へ切り詰めます。
C:\Users\nekon\kandai\workplace\Project1\ソース.cpp(271,35): warning C4305: '引数': 'double' から 'GLfloat' へ切り詰めます。
C:\Users\nekon\kandai\workplace\Project1\ソース.cpp(275,31): warning C4305: '引数': 'double' から 'GLfloat' へ切り詰めます。
C:\Users\nekon\kandai\workplace\Project1\ソース.cpp(281,35): warning C4305: '引数': 'double' から 'GLfloat' へ切り詰めます。
C:\Users\nekon\kandai\workplace\Project1\ソース.cpp(285,31): warning C4305: '引数': 'double' から 'GLfloat' へ切り詰めます。
C:\Users\nekon\kandai\workplace\Project1\ソース.cpp(292,37): warning C4305: '引数': 'double' から 'GLfloat' へ切り詰めます。
C:\Users\nekon\kandai\workplace\Project1\ソース.cpp(296,31): warning C4305: '引数': 'double' から 'GLfloat' へ切り詰めます。
C:\Users\nekon\kandai\workplace\Project1\ソース.cpp(302,39): warning C4305: '引数': 'double' から 'GLfloat' へ切り詰めます。
C:\Users\nekon\kandai\workplace\Project1\ソース.cpp(306,31): warning C4305: '引数': 'double' から 'GLfloat' へ切り詰めます。
C:\Users\nekon\kandai\workplace\Project1\ソース.cpp(312,37): warning C4305: '引数': 'double' から 'GLfloat' へ切り詰めます。
C:\Users\nekon\kandai\workplace\Project1\ソース.cpp(315,31): warning C4305: '引数': 'double' から 'GLfloat' へ切り詰めます。
C:\Users\nekon\kandai\workplace\Project1\ソース.cpp(321,37): warning C4305: '引数': 'double' から 'GLfloat' へ切り詰めます。
C:\Users\nekon\kandai\workplace\Project1\ソース.cpp(324,31): warning C4305: '引数': 'double' から 'GLfloat' へ切り詰めます。
C:\Users\nekon\kandai\workplace\Project1\ソース.cpp(330,38): warning C4305: '引数': 'double' から 'GLfloat' へ切り詰めます。
C:\Users\nekon\kandai\workplace\Project1\ソース.cpp(334,31): warning C4305: '引数': 'double' から 'GLfloat' へ切り詰めます。
C:\Users\nekon\kandai\workplace\Project1\ソース.cpp(340,37): warning C4305: '引数': 'double' から 'GLfloat' へ切り詰めます。
C:\Users\nekon\kandai\workplace\Project1\ソース.cpp(344,31): warning C4305: '引数': 'double' から 'GLfloat' へ切り詰めます。
C:\Users\nekon\kandai\workplace\Project1\ソース.cpp(350,37): warning C4305: '引数': 'double' から 'GLfloat' へ切り詰めます。
C:\Users\nekon\kandai\workplace\Project1\ソース.cpp(354,31): warning C4305: '引数': 'double' から 'GLfloat' へ切り詰めます。
C:\Users\nekon\kandai\workplace\Project1\ソース.cpp(360,36): warning C4305: '引数': 'double' から 'GLfloat' へ切り詰めます。
C:\Users\nekon\kandai\workplace\Project1\ソース.cpp(364,31): warning C4305: '引数': 'double' から 'GLfloat' へ切り詰めます。
C:\Users\nekon\kandai\workplace\Project1\ソース.cpp(370,36): warning C4305: '引数': 'double' から 'GLfloat' へ切り詰めます。
C:\Users\nekon\kandai\workplace\Project1\ソース.cpp(374,31): warning C4305: '引数': 'double' から 'GLfloat' へ切り詰めます。
C:\Users\nekon\kandai\workplace\Project1\ソース.cpp(380,35): warning C4305: '引数': 'double' から 'GLfloat' へ切り詰めます。
C:\Users\nekon\kandai\workplace\Project1\ソース.cpp(383,31): warning C4305: '引数': 'double' から 'GLfloat' へ切り詰めます。
C:\Users\nekon\kandai\workplace\Project1\ソース.cpp(389,36): warning C4305: '引数': 'double' から 'GLfloat' へ切り詰めます。
C:\Users\nekon\kandai\workplace\Project1\ソース.cpp(392,31): warning C4305: '引数': 'double' から 'GLfloat' へ切り詰めます。
C:\Users\nekon\kandai\workplace\Project1\ソース.cpp(398,35): warning C4305: '引数': 'double' から 'GLfloat' へ切り詰めます。
C:\Users\nekon\kandai\workplace\Project1\ソース.cpp(402,31): warning C4305: '引数': 'double' から 'GLfloat' へ切り詰めます。
C:\Users\nekon\kandai\workplace\Project1\ソース.cpp(408,35): warning C4305: '引数': 'double' から 'GLfloat' へ切り詰めます。
C:\Users\nekon\kandai\workplace\Project1\ソース.cpp(412,31): warning C4305: '引数': 'double' から 'GLfloat' へ切り詰めます。
C:\Users\nekon\kandai\workplace\Project1\ソース.cpp(419,38): warning C4305: '引数': 'double' から 'GLfloat' へ切り詰めます。
C:\Users\nekon\kandai\workplace\Project1\ソース.cpp(423,31): warning C4305: '引数': 'double' から 'GLfloat' へ切り詰めます。
C:\Users\nekon\kandai\workplace\Project1\ソース.cpp(429,38): warning C4305: '引数': 'double' から 'GLfloat' へ切り詰めます。
C:\Users\nekon\kandai\workplace\Project1\ソース.cpp(433,31): warning C4305: '引数': 'double' から 'GLfloat' へ切り詰めます。
C:\Users\nekon\kandai\workplace\Project1\ソース.cpp(439,37): warning C4305: '引数': 'double' から 'GLfloat' へ切り詰めます。
C:\Users\nekon\kandai\workplace\Project1\ソース.cpp(442,31): warning C4305: '引数': 'double' から 'GLfloat' へ切り詰めます。
C:\Users\nekon\kandai\workplace\Project1\ソース.cpp(448,37): warning C4305: '引数': 'double' から 'GLfloat' へ切り詰めます。
C:\Users\nekon\kandai\workplace\Project1\ソース.cpp(451,31): warning C4305: '引数': 'double' から 'GLfloat' へ切り詰めます。
C:\Users\nekon\kandai\workplace\Project1\ソース.cpp(457,38): warning C4305: '引数': 'double' から 'GLfloat' へ切り詰めます。
C:\Users\nekon\kandai\workplace\Project1\ソース.cpp(461,31): warning C4305: '引数': 'double' から 'GLfloat' へ切り詰めます。
C:\Users\nekon\kandai\workplace\Project1\ソース.cpp(467,37): warning C4305: '引数': 'double' から 'GLfloat' へ切り詰めます。
C:\Users\nekon\kandai\workplace\Project1\ソース.cpp(471,31): warning C4305: '引数': 'double' から 'GLfloat' へ切り詰めます。
C:\Users\nekon\kandai\workplace\Project1\ソース.cpp(477,37): warning C4305: '引数': 'double' から 'GLfloat' へ切り詰めます。
C:\Users\nekon\kandai\workplace\Project1\ソース.cpp(481,31): warning C4305: '引数': 'double' から 'GLfloat' へ切り詰めます。
C:\Users\nekon\kandai\workplace\Project1\ソース.cpp(487,36): warning C4305: '引数': 'double' から 'GLfloat' へ切り詰めます。
C:\Users\nekon\kandai\workplace\Project1\ソース.cpp(491,31): warning C4305: '引数': 'double' から 'GLfloat' へ切り詰めます。
C:\Users\nekon\kandai\workplace\Project1\ソース.cpp(497,35): warning C4305: '引数': 'double' から 'GLfloat' へ切り詰めます。
C:\Users\nekon\kandai\workplace\Project1\ソース.cpp(501,31): warning C4305: '引数': 'double' から 'GLfloat' へ切り詰めます。
C:\Users\nekon\kandai\workplace\Project1\ソース.cpp(510,32): warning C4305: '引数': 'double' から 'GLfloat' へ切り詰めます。
C:\Users\nekon\kandai\workplace\Project1\ソース.cpp(511,34): warning C4305: '引数': 'double' から 'GLfloat' へ切り詰めます。
C:\Users\nekon\kandai\workplace\Project1\ソース.cpp(512,34): warning C4305: '引数': 'double' から 'GLfloat' へ切り詰めます。
C:\Users\nekon\kandai\workplace\Project1\ソース.cpp(513,34): warning C4305: '引数': 'double' から 'GLfloat' へ切り詰めます。
C:\Users\nekon\kandai\workplace\Project1\ソース.cpp(514,34): warning C4305: '引数': 'double' から 'GLfloat' へ切り詰めます。
C:\Users\nekon\kandai\workplace\Project1\ソース.cpp(515,34): warning C4305: '引数': 'double' から 'GLfloat' へ切り詰めます。
C:\Users\nekon\kandai\workplace\Project1\ソース.cpp(516,34): warning C4305: '引数': 'double' から 'GLfloat' へ切り詰めます。
C:\Users\nekon\kandai\workplace\Project1\ソース.cpp(523,31): warning C4305: '引数': 'double' から 'GLfloat' へ切り詰めます。
C:\Users\nekon\kandai\workplace\Project1\ソース.cpp(524,33): warning C4305: '引数': 'double' から 'GLfloat' へ切り詰めます。
C:\Users\nekon\kandai\workplace\Project1\ソース.cpp(525,33): warning C4305: '引数': 'double' から 'GLfloat' へ切り詰めます。
C:\Users\nekon\kandai\workplace\Project1\ソース.cpp(526,33): warning C4305: '引数': 'double' から 'GLfloat' へ切り詰めます。
C:\Users\nekon\kandai\workplace\Project1\ソース.cpp(527,33): warning C4305: '引数': 'double' から 'GLfloat' へ切り詰めます。
C:\Users\nekon\kandai\workplace\Project1\ソース.cpp(528,33): warning C4305: '引数': 'double' から 'GLfloat' へ切り詰めます。
C:\Users\nekon\kandai\workplace\Project1\ソース.cpp(529,33): warning C4305: '引数': 'double' から 'GLfloat' へ切り詰めます。
C:\Users\nekon\kandai\workplace\Project1\ソース.cpp(536,35): warning C4305: '引数': 'double' から 'GLfloat' へ切り詰めます。
C:\Users\nekon\kandai\workplace\Project1\ソース.cpp(539,31): warning C4305: '引数': 'double' から 'GLfloat' へ切り詰めます。
C:\Users\nekon\kandai\workplace\Project1\ソース.cpp(545,36): warning C4305: '引数': 'double' から 'GLfloat' へ切り詰めます。
C:\Users\nekon\kandai\workplace\Project1\ソース.cpp(548,31): warning C4305: '引数': 'double' から 'GLfloat' へ切り詰めます。
C:\Users\nekon\kandai\workplace\Project1\ソース.cpp(554,35): warning C4305: '引数': 'double' から 'GLfloat' へ切り詰めます。
C:\Users\nekon\kandai\workplace\Project1\ソース.cpp(558,31): warning C4305: '引数': 'double' から 'GLfloat' へ切り詰めます。
C:\Users\nekon\kandai\workplace\Project1\ソース.cpp(564,35): warning C4305: '引数': 'double' から 'GLfloat' へ切り詰めます。
C:\Users\nekon\kandai\workplace\Project1\ソース.cpp(568,31): warning C4305: '引数': 'double' から 'GLfloat' へ切り詰めます。
C:\Users\nekon\kandai\workplace\Project1\ソース.cpp(575,38): warning C4305: '引数': 'double' から 'GLfloat' へ切り詰めます。
C:\Users\nekon\kandai\workplace\Project1\ソース.cpp(579,31): warning C4305: '引数': 'double' から 'GLfloat' へ切り詰めます。
C:\Users\nekon\kandai\workplace\Project1\ソース.cpp(585,38): warning C4305: '引数': 'double' から 'GLfloat' へ切り詰めます。
C:\Users\nekon\kandai\workplace\Project1\ソース.cpp(589,31): warning C4305: '引数': 'double' から 'GLfloat' へ切り詰めます。
C:\Users\nekon\kandai\workplace\Project1\ソース.cpp(595,37): warning C4305: '引数': 'double' から 'GLfloat' へ切り詰めます。
C:\Users\nekon\kandai\workplace\Project1\ソース.cpp(598,31): warning C4305: '引数': 'double' から 'GLfloat' へ切り詰めます。
C:\Users\nekon\kandai\workplace\Project1\ソース.cpp(604,37): warning C4305: '引数': 'double' から 'GLfloat' へ切り詰めます。
C:\Users\nekon\kandai\workplace\Project1\ソース.cpp(607,31): warning C4305: '引数': 'double' から 'GLfloat' へ切り詰めます。
C:\Users\nekon\kandai\workplace\Project1\ソース.cpp(613,38): warning C4305: '引数': 'double' から 'GLfloat' へ切り詰めます。
C:\Users\nekon\kandai\workplace\Project1\ソース.cpp(617,31): warning C4305: '引数': 'double' から 'GLfloat' へ切り詰めます。
C:\Users\nekon\kandai\workplace\Project1\ソース.cpp(623,37): warning C4305: '引数': 'double' から 'GLfloat' へ切り詰めます。
C:\Users\nekon\kandai\workplace\Project1\ソース.cpp(627,31): warning C4305: '引数': 'double' から 'GLfloat' へ切り詰めます。
C:\Users\nekon\kandai\workplace\Project1\ソース.cpp(633,37): warning C4305: '引数': 'double' から 'GLfloat' へ切り詰めます。
C:\Users\nekon\kandai\workplace\Project1\ソース.cpp(637,31): warning C4305: '引数': 'double' から 'GLfloat' へ切り詰めます。
C:\Users\nekon\kandai\workplace\Project1\ソース.cpp(643,36): warning C4305: '引数': 'double' から 'GLfloat' へ切り詰めます。
C:\Users\nekon\kandai\workplace\Project1\ソース.cpp(647,31): warning C4305: '引数': 'double' から 'GLfloat' へ切り詰めます。
C:\Users\nekon\kandai\workplace\Project1\ソース.cpp(653,35): warning C4305: '引数': 'double' から 'GLfloat' へ切り詰めます。
C:\Users\nekon\kandai\workplace\Project1\ソース.cpp(657,31): warning C4305: '引数': 'double' から 'GLfloat' へ切り詰めます。
C:\Users\nekon\kandai\workplace\Project1\ソース.cpp(664,37): warning C4305: '引数': 'double' から 'GLfloat' へ切り詰めます。
C:\Users\nekon\kandai\workplace\Project1\ソース.cpp(668,31): warning C4305: '引数': 'double' から 'GLfloat' へ切り詰めます。
C:\Users\nekon\kandai\workplace\Project1\ソース.cpp(674,37): warning C4305: '引数': 'double' から 'GLfloat' へ切り詰めます。
C:\Users\nekon\kandai\workplace\Project1\ソース.cpp(677,31): warning C4305: '引数': 'double' から 'GLfloat' へ切り詰めます。
C:\Users\nekon\kandai\workplace\Project1\ソース.cpp(683,35): warning C4305: '引数': 'double' から 'GLfloat' へ切り詰めます。
C:\Users\nekon\kandai\workplace\Project1\ソース.cpp(687,31): warning C4305: '引数': 'double' から 'GLfloat' へ切り詰めます。
C:\Users\nekon\kandai\workplace\Project1\ソース.cpp(693,35): warning C4305: '引数': 'double' から 'GLfloat' へ切り詰めます。
C:\Users\nekon\kandai\workplace\Project1\ソース.cpp(697,31): warning C4305: '引数': 'double' から 'GLfloat' へ切り詰めます。
C:\Users\nekon\kandai\workplace\Project1\ソース.cpp(704,37): warning C4305: '引数': 'double' から 'GLfloat' へ切り詰めます。
C:\Users\nekon\kandai\workplace\Project1\ソース.cpp(708,31): warning C4305: '引数': 'double' から 'GLfloat' へ切り詰めます。
C:\Users\nekon\kandai\workplace\Project1\ソース.cpp(714,39): warning C4305: '引数': 'double' から 'GLfloat' へ切り詰めます。
C:\Users\nekon\kandai\workplace\Project1\ソース.cpp(718,31): warning C4305: '引数': 'double' から 'GLfloat' へ切り詰めます。
C:\Users\nekon\kandai\workplace\Project1\ソース.cpp(724,38): warning C4305: '引数': 'double' から 'GLfloat' へ切り詰めます。
C:\Users\nekon\kandai\workplace\Project1\ソース.cpp(727,31): warning C4305: '引数': 'double' から 'GLfloat' へ切り詰めます。
C:\Users\nekon\kandai\workplace\Project1\ソース.cpp(733,37): warning C4305: '引数': 'double' から 'GLfloat' へ切り詰めます。
C:\Users\nekon\kandai\workplace\Project1\ソース.cpp(736,31): warning C4305: '引数': 'double' から 'GLfloat' へ切り詰めます。
C:\Users\nekon\kandai\workplace\Project1\ソース.cpp(742,38): warning C4305: '引数': 'double' から 'GLfloat' へ切り詰めます。
C:\Users\nekon\kandai\workplace\Project1\ソース.cpp(746,31): warning C4305: '引数': 'double' から 'GLfloat' へ切り詰めます。
C:\Users\nekon\kandai\workplace\Project1\ソース.cpp(752,37): warning C4305: '引数': 'double' から 'GLfloat' へ切り詰めます。
C:\Users\nekon\kandai\workplace\Project1\ソース.cpp(756,31): warning C4305: '引数': 'double' から 'GLfloat' へ切り詰めます。
C:\Users\nekon\kandai\workplace\Project1\ソース.cpp(762,37): warning C4305: '引数': 'double' から 'GLfloat' へ切り詰めます。
C:\Users\nekon\kandai\workplace\Project1\ソース.cpp(766,31): warning C4305: '引数': 'double' から 'GLfloat' へ切り詰めます。
C:\Users\nekon\kandai\workplace\Project1\ソース.cpp(772,36): warning C4305: '引数': 'double' から 'GLfloat' へ切り詰めます。
C:\Users\nekon\kandai\workplace\Project1\ソース.cpp(776,31): warning C4305: '引数': 'double' から 'GLfloat' へ切り詰めます。
C:\Users\nekon\kandai\workplace\Project1\ソース.cpp(782,37): warning C4305: '引数': 'double' から 'GLfloat' へ切り詰めます。
C:\Users\nekon\kandai\workplace\Project1\ソース.cpp(786,31): warning C4305: '引数': 'double' から 'GLfloat' へ切り詰めます。
C:\Users\nekon\kandai\workplace\Project1\ソース.cpp(793,36): warning C4305: '引数': 'double' から 'GLfloat' へ切り詰めます。
C:\Users\nekon\kandai\workplace\Project1\ソース.cpp(796,31): warning C4305: '引数': 'double' から 'GLfloat' へ切り詰めます。
C:\Users\nekon\kandai\workplace\Project1\ソース.cpp(802,36): warning C4305: '引数': 'double' から 'GLfloat' へ切り詰めます。
C:\Users\nekon\kandai\workplace\Project1\ソース.cpp(805,31): warning C4305: '引数': 'double' から 'GLfloat' へ切り詰めます。
C:\Users\nekon\kandai\workplace\Project1\ソース.cpp(811,36): warning C4305: '引数': 'double' から 'GLfloat' へ切り詰めます。
C:\Users\nekon\kandai\workplace\Project1\ソース.cpp(815,31): warning C4305: '引数': 'double' から 'GLfloat' へ切り詰めます。
C:\Users\nekon\kandai\workplace\Project1\ソース.cpp(821,35): warning C4305: '引数': 'double' から 'GLfloat' へ切り詰めます。
C:\Users\nekon\kandai\workplace\Project1\ソース.cpp(825,31): warning C4305: '引数': 'double' から 'GLfloat' へ切り詰めます。
C:\Users\nekon\kandai\workplace\Project1\ソース.cpp(832,37): warning C4305: '引数': 'double' から 'GLfloat' へ切り詰めます。
C:\Users\nekon\kandai\workplace\Project1\ソース.cpp(836,31): warning C4305: '引数': 'double' から 'GLfloat' へ切り詰めます。
C:\Users\nekon\kandai\workplace\Project1\ソース.cpp(842,37): warning C4305: '引数': 'double' から 'GLfloat' へ切り詰めます。
C:\Users\nekon\kandai\workplace\Project1\ソース.cpp(846,31): warning C4305: '引数': 'double' から 'GLfloat' へ切り詰めます。
C:\Users\nekon\kandai\workplace\Project1\ソース.cpp(852,37): warning C4305: '引数': 'double' から 'GLfloat' へ切り詰めます。
C:\Users\nekon\kandai\workplace\Project1\ソース.cpp(855,31): warning C4305: '引数': 'double' から 'GLfloat' へ切り詰めます。
C:\Users\nekon\kandai\workplace\Project1\ソース.cpp(861,37): warning C4305: '引数': 'double' から 'GLfloat' へ切り詰めます。
C:\Users\nekon\kandai\workplace\Project1\ソース.cpp(864,31): warning C4305: '引数': 'double' から 'GLfloat' へ切り詰めます。
C:\Users\nekon\kandai\workplace\Project1\ソース.cpp(870,38): warning C4305: '引数': 'double' から 'GLfloat' へ切り詰めます。
C:\Users\nekon\kandai\workplace\Project1\ソース.cpp(874,31): warning C4305: '引数': 'double' から 'GLfloat' へ切り詰めます。
C:\Users\nekon\kandai\workplace\Project1\ソース.cpp(880,37): warning C4305: '引数': 'double' から 'GLfloat' へ切り詰めます。
C:\Users\nekon\kandai\workplace\Project1\ソース.cpp(884,31): warning C4305: '引数': 'double' から 'GLfloat' へ切り詰めます。
C:\Users\nekon\kandai\workplace\Project1\ソース.cpp(890,37): warning C4305: '引数': 'double' から 'GLfloat' へ切り詰めます。
C:\Users\nekon\kandai\workplace\Project1\ソース.cpp(894,31): warning C4305: '引数': 'double' から 'GLfloat' へ切り詰めます。
C:\Users\nekon\kandai\workplace\Project1\ソース.cpp(900,36): warning C4305: '引数': 'double' から 'GLfloat' へ切り詰めます。
C:\Users\nekon\kandai\workplace\Project1\ソース.cpp(904,31): warning C4305: '引数': 'double' から 'GLfloat' へ切り詰めます。
C:\Users\nekon\kandai\workplace\Project1\ソース.cpp(911,35): warning C4305: '引数': 'double' から 'GLfloat' へ切り詰めます。
C:\Users\nekon\kandai\workplace\Project1\ソース.cpp(915,31): warning C4305: '引数': 'double' から 'GLfloat' へ切り詰めます。
C:\Users\nekon\kandai\workplace\Project1\ソース.cpp(922,36): warning C4305: '引数': 'double' から 'GLfloat' へ切り詰めます。
C:\Users\nekon\kandai\workplace\Project1\ソース.cpp(925,31): warning C4305: '引数': 'double' から 'GLfloat' へ切り詰めます。
C:\Users\nekon\kandai\workplace\Project1\ソース.cpp(931,36): warning C4305: '引数': 'double' から 'GLfloat' へ切り詰めます。
C:\Users\nekon\kandai\workplace\Project1\ソース.cpp(934,31): warning C4305: '引数': 'double' から 'GLfloat' へ切り詰めます。
C:\Users\nekon\kandai\workplace\Project1\ソース.cpp(940,36): warning C4305: '引数': 'double' から 'GLfloat' へ切り詰めます。
C:\Users\nekon\kandai\workplace\Project1\ソース.cpp(944,33): warning C4305: '引数': 'double' から 'GLfloat' へ切り詰めます。
C:\Users\nekon\kandai\workplace\Project1\ソース.cpp(950,35): warning C4305: '引数': 'double' から 'GLfloat' へ切り詰めます。
C:\Users\nekon\kandai\workplace\Project1\ソース.cpp(954,31): warning C4305: '引数': 'double' から 'GLfloat' へ切り詰めます。
C:\Users\nekon\kandai\workplace\Project1\ソース.cpp(961,37): warning C4305: '引数': 'double' から 'GLfloat' へ切り詰めます。
C:\Users\nekon\kandai\workplace\Project1\ソース.cpp(965,31): warning C4305: '引数': 'double' から 'GLfloat' へ切り詰めます。
C:\Users\nekon\kandai\workplace\Project1\ソース.cpp(971,37): warning C4305: '引数': 'double' から 'GLfloat' へ切り詰めます。
C:\Users\nekon\kandai\workplace\Project1\ソース.cpp(975,31): warning C4305: '引数': 'double' から 'GLfloat' へ切り詰めます。
C:\Users\nekon\kandai\workplace\Project1\ソース.cpp(981,37): warning C4305: '引数': 'double' から 'GLfloat' へ切り詰めます。
C:\Users\nekon\kandai\workplace\Project1\ソース.cpp(984,31): warning C4305: '引数': 'double' から 'GLfloat' へ切り詰めます。
C:\Users\nekon\kandai\workplace\Project1\ソース.cpp(990,37): warning C4305: '引数': 'double' から 'GLfloat' へ切り詰めます。
C:\Users\nekon\kandai\workplace\Project1\ソース.cpp(993,31): warning C4305: '引数': 'double' から 'GLfloat' へ切り詰めます。
C:\Users\nekon\kandai\workplace\Project1\ソース.cpp(999,38): warning C4305: '引数': 'double' から 'GLfloat' へ切り詰めます。
C:\Users\nekon\kandai\workplace\Project1\ソース.cpp(1003,31): warning C4305: '引数': 'double' から 'GLfloat' へ切り詰めます。
C:\Users\nekon\kandai\workplace\Project1\ソース.cpp(1009,37): warning C4305: '引数': 'double' から 'GLfloat' へ切り詰めます。
C:\Users\nekon\kandai\workplace\Project1\ソース.cpp(1013,31): warning C4305: '引数': 'double' から 'GLfloat' へ切り詰めます。
C:\Users\nekon\kandai\workplace\Project1\ソース.cpp(1019,37): warning C4305: '引数': 'double' から 'GLfloat' へ切り詰めます。
C:\Users\nekon\kandai\workplace\Project1\ソース.cpp(1023,31): warning C4305: '引数': 'double' から 'GLfloat' へ切り詰めます。
C:\Users\nekon\kandai\workplace\Project1\ソース.cpp(1029,36): warning C4305: '引数': 'double' から 'GLfloat' へ切り詰めます。
C:\Users\nekon\kandai\workplace\Project1\ソース.cpp(1033,31): warning C4305: '引数': 'double' から 'GLfloat' へ切り詰めます。
C:\Users\nekon\kandai\workplace\Project1\ソース.cpp(1040,35): warning C4305: '引数': 'double' から 'GLfloat' へ切り詰めます。
C:\Users\nekon\kandai\workplace\Project1\ソース.cpp(1044,31): warning C4305: '引数': 'double' から 'GLfloat' へ切り詰めます。
C:\Users\nekon\kandai\workplace\Project1\ソース.cpp(1093,28): warning C4305: '引数': 'double' から 'GLfloat' へ切り詰めます。
C:\Users\nekon\kandai\workplace\Project1\ソース.cpp(1095,29): warning C4305: '引数': 'double' から 'GLfloat' へ切り詰めます。
C:\Users\nekon\kandai\workplace\Project1\ソース.cpp(1131,15): warning C4244: '引数': 'double' から 'GLfloat' への変換です。データが失われる可能性があります。
C:\Users\nekon\kandai\workplace\Project1\ソース.cpp(1138,18): warning C4244: '引数': 'int' から 'GLfloat' への変換です。データが失われる可能性があります。
C:\Users\nekon\kandai\workplace\Project1\ソース.cpp(1144,18): warning C4244: '引数': 'int' から 'GLfloat' への変換です。データが失われる可能性があります。
  コード生成しています。
  1 of 11 functions ( 9.1%) were compiled, the rest were copied from previous compilation.
    0 functions were new in current compilation
    2 functions had inline decision re-evaluated but remain unchanged
  コード生成が終了しました。
  Project1.vcxproj -> C:\Users\nekon\kandai\workplace\Project1\Release\Project1.exe
